TOOL:	xmvlog(64)	20.09-s010: Started on Jul 04, 2022 at 19:54:09 PKT
xmvlog
    -sv
    -cdslib ./cds.lib
    -hdlvar ./hdl.var
    -MESSAGES
    -NOCOPYRIGHT
    -LINEDEBUG
    -f /home/sahmad/xcelium_runs/QSPI_new/qspi.flist
        /home/sahmad/xcelium_runs/QSPI_new/qspi_xip.sv
        /home/sahmad/xcelium_runs/QSPI_new/qspi_transmitter.sv
        /home/sahmad/xcelium_runs/QSPI_new/qspi_receiver.sv
        /home/sahmad/xcelium_runs/QSPI_new/clk_counter.sv
        /home/sahmad/xcelium_runs/QSPI_new/qspi_xip_tb.sv
        /home/sahmad/xcelium_runs/QSPI_new/IOBUF.v
        /home/arm-pdk/ip/arm/tsmc/cln65gplus/sc12_base_rvt/r3p0-00eac0/verilog/sc12_cln65gplus_base_rvt.v

file: /home/sahmad/xcelium_runs/QSPI_new/qspi_xip.sv
	module work.qspi_xip
		errors: 0, warnings: 0
file: /home/sahmad/xcelium_runs/QSPI_new/qspi_transmitter.sv
	module work.qspi_transmitter
		errors: 0, warnings: 0
file: /home/sahmad/xcelium_runs/QSPI_new/qspi_receiver.sv
	module work.qspi_receiver
		errors: 0, warnings: 0
file: /home/sahmad/xcelium_runs/QSPI_new/clk_counter.sv
	module work.clk_counter
		errors: 0, warnings: 0
file: /home/sahmad/xcelium_runs/QSPI_new/qspi_xip_tb.sv
	module work.qspi_xip_tb
		errors: 0, warnings: 0
file: /home/sahmad/xcelium_runs/QSPI_new/IOBUF.v
	module work.IOBUF
		errors: 0, warnings: 0
file: /home/arm-pdk/ip/arm/tsmc/cln65gplus/sc12_base_rvt/r3p0-00eac0/verilog/sc12_cln65gplus_base_rvt.v
	module work.XOR3_X4M_A12TR
		errors: 0, warnings: 0
	module work.XOR3_X3M_A12TR
		errors: 0, warnings: 0
	module work.XOR3_X2M_A12TR
		errors: 0, warnings: 0
	module work.XOR3_X1P4M_A12TR
		errors: 0, warnings: 0
	module work.XOR3_X1M_A12TR
		errors: 0, warnings: 0
	module work.XOR3_X0P7M_A12TR
		errors: 0, warnings: 0
	module work.XOR3_X0P5M_A12TR
		errors: 0, warnings: 0
	module work.XOR2_X4M_A12TR
		errors: 0, warnings: 0
	module work.XOR2_X3M_A12TR
		errors: 0, warnings: 0
	module work.XOR2_X2M_A12TR
		errors: 0, warnings: 0
	module work.XOR2_X1P4M_A12TR
		errors: 0, warnings: 0
	module work.XOR2_X1M_A12TR
		errors: 0, warnings: 0
	module work.XOR2_X0P7M_A12TR
		errors: 0, warnings: 0
	module work.XOR2_X0P5M_A12TR
		errors: 0, warnings: 0
	module work.XNOR3_X4M_A12TR
		errors: 0, warnings: 0
	module work.XNOR3_X3M_A12TR
		errors: 0, warnings: 0
	module work.XNOR3_X2M_A12TR
		errors: 0, warnings: 0
	module work.XNOR3_X1P4M_A12TR
		errors: 0, warnings: 0
	module work.XNOR3_X1M_A12TR
		errors: 0, warnings: 0
	module work.XNOR3_X0P7M_A12TR
		errors: 0, warnings: 0
	module work.XNOR3_X0P5M_A12TR
		errors: 0, warnings: 0
	module work.XNOR2_X4M_A12TR
		errors: 0, warnings: 0
	module work.XNOR2_X3M_A12TR
		errors: 0, warnings: 0
	module work.XNOR2_X2M_A12TR
		errors: 0, warnings: 0
	module work.XNOR2_X1P4M_A12TR
		errors: 0, warnings: 0
	module work.XNOR2_X1M_A12TR
		errors: 0, warnings: 0
	module work.XNOR2_X0P7M_A12TR
		errors: 0, warnings: 0
	module work.XNOR2_X0P5M_A12TR
		errors: 0, warnings: 0
	module work.TIELO_X1M_A12TR
		errors: 0, warnings: 0
	module work.TIEHI_X1M_A12TR
		errors: 0, warnings: 0
	module work.SDFFYQ_X4M_A12TR
		errors: 0, warnings: 0
	module work.SDFFYQ_X3M_A12TR
		errors: 0, warnings: 0
	module work.SDFFYQ_X2M_A12TR
		errors: 0, warnings: 0
	module work.SDFFYQ_X1M_A12TR
		errors: 0, warnings: 0
	module work.SDFFSRPQ_X4M_A12TR
		errors: 0, warnings: 0
	module work.SDFFSRPQ_X3M_A12TR
		errors: 0, warnings: 0
	module work.SDFFSRPQ_X2M_A12TR
		errors: 0, warnings: 0
	module work.SDFFSRPQ_X1M_A12TR
		errors: 0, warnings: 0
	module work.SDFFSRPQ_X0P5M_A12TR
		errors: 0, warnings: 0
	module work.SDFFSQN_X3M_A12TR
		errors: 0, warnings: 0
	module work.SDFFSQN_X2M_A12TR
		errors: 0, warnings: 0
	module work.SDFFSQN_X1M_A12TR
		errors: 0, warnings: 0
	module work.SDFFSQN_X0P5M_A12TR
		errors: 0, warnings: 0
	module work.SDFFSQ_X4M_A12TR
		errors: 0, warnings: 0
	module work.SDFFSQ_X3M_A12TR
		errors: 0, warnings: 0
	module work.SDFFSQ_X2M_A12TR
		errors: 0, warnings: 0
	module work.SDFFSQ_X1M_A12TR
		errors: 0, warnings: 0
	module work.SDFFSQ_X0P5M_A12TR
		errors: 0, warnings: 0
	module work.SDFFRPQN_X3M_A12TR
		errors: 0, warnings: 0
	module work.SDFFRPQN_X2M_A12TR
		errors: 0, warnings: 0
	module work.SDFFRPQN_X1M_A12TR
		errors: 0, warnings: 0
	module work.SDFFRPQN_X0P5M_A12TR
		errors: 0, warnings: 0
	module work.SDFFRPQ_X4M_A12TR
		errors: 0, warnings: 0
	module work.SDFFRPQ_X3M_A12TR
		errors: 0, warnings: 0
	module work.SDFFRPQ_X2M_A12TR
		errors: 0, warnings: 0
	module work.SDFFRPQ_X1M_A12TR
		errors: 0, warnings: 0
	module work.SDFFRPQ_X0P5M_A12TR
		errors: 0, warnings: 0
	module work.SDFFQN_X3M_A12TR
		errors: 0, warnings: 0
	module work.SDFFQN_X2M_A12TR
		errors: 0, warnings: 0
	module work.SDFFQN_X1M_A12TR
		errors: 0, warnings: 0
	module work.SDFFQN_X0P5M_A12TR
		errors: 0, warnings: 0
	module work.SDFFQ_X4M_A12TR
		errors: 0, warnings: 0
	module work.SDFFQ_X3M_A12TR
		errors: 0, warnings: 0
	module work.SDFFQ_X2M_A12TR
		errors: 0, warnings: 0
	module work.SDFFQ_X1M_A12TR
		errors: 0, warnings: 0
	module work.SDFFQ_X0P5M_A12TR
		errors: 0, warnings: 0
	module work.SDFFNSRPQ_X3M_A12TR
		errors: 0, warnings: 0
	module work.SDFFNSRPQ_X2M_A12TR
		errors: 0, warnings: 0
	module work.SDFFNSRPQ_X1M_A12TR
		errors: 0, warnings: 0
	module work.SDFFNSQ_X3M_A12TR
		errors: 0, warnings: 0
	module work.SDFFNSQ_X2M_A12TR
		errors: 0, warnings: 0
	module work.SDFFNSQ_X1M_A12TR
		errors: 0, warnings: 0
	module work.SDFFNRPQ_X3M_A12TR
		errors: 0, warnings: 0
	module work.SDFFNRPQ_X2M_A12TR
		errors: 0, warnings: 0
	module work.SDFFNRPQ_X1M_A12TR
		errors: 0, warnings: 0
	module work.SDFFNQ_X3M_A12TR
		errors: 0, warnings: 0
	module work.SDFFNQ_X2M_A12TR
		errors: 0, warnings: 0
	module work.SDFFNQ_X1M_A12TR
		errors: 0, warnings: 0
	module work.RF2R2WS_X2M_A12TR
		errors: 0, warnings: 0
	module work.RF2R2WS_X1P4M_A12TR
		errors: 0, warnings: 0
	module work.RF2R2WS_X1M_A12TR
		errors: 0, warnings: 0
	module work.RF2R1WS_X2M_A12TR
		errors: 0, warnings: 0
	module work.RF2R1WS_X1P4M_A12TR
		errors: 0, warnings: 0
	module work.RF2R1WS_X1M_A12TR
		errors: 0, warnings: 0
	module work.RF1R2WS_X2M_A12TR
		errors: 0, warnings: 0
	module work.RF1R2WS_X1P4M_A12TR
		errors: 0, warnings: 0
	module work.RF1R2WS_X1M_A12TR
		errors: 0, warnings: 0
	module work.RF1R1WS_X2M_A12TR
		errors: 0, warnings: 0
	module work.RF1R1WS_X1P4M_A12TR
		errors: 0, warnings: 0
	module work.RF1R1WS_X1M_A12TR
		errors: 0, warnings: 0
	module work.PREICG_X9B_A12TR
		errors: 0, warnings: 0
	module work.PREICG_X7P5B_A12TR
		errors: 0, warnings: 0
	module work.PREICG_X6B_A12TR
		errors: 0, warnings: 0
	module work.PREICG_X5B_A12TR
		errors: 0, warnings: 0
	module work.PREICG_X4B_A12TR
		errors: 0, warnings: 0
	module work.PREICG_X3P5B_A12TR
		errors: 0, warnings: 0
	module work.PREICG_X3B_A12TR
		errors: 0, warnings: 0
	module work.PREICG_X2P5B_A12TR
		errors: 0, warnings: 0
	module work.PREICG_X2B_A12TR
		errors: 0, warnings: 0
	module work.PREICG_X1P7B_A12TR
		errors: 0, warnings: 0
	module work.PREICG_X1P4B_A12TR
		errors: 0, warnings: 0
	module work.PREICG_X1P2B_A12TR
		errors: 0, warnings: 0
	module work.PREICG_X1B_A12TR
		errors: 0, warnings: 0
	module work.PREICG_X16B_A12TR
		errors: 0, warnings: 0
	module work.PREICG_X13B_A12TR
		errors: 0, warnings: 0
	module work.PREICG_X11B_A12TR
		errors: 0, warnings: 0
	module work.PREICG_X0P8B_A12TR
		errors: 0, warnings: 0
	module work.PREICG_X0P7B_A12TR
		errors: 0, warnings: 0
	module work.PREICG_X0P6B_A12TR
		errors: 0, warnings: 0
	module work.PREICG_X0P5B_A12TR
		errors: 0, warnings: 0
	module work.POSTICG_X9B_A12TR
		errors: 0, warnings: 0
	module work.POSTICG_X7P5B_A12TR
		errors: 0, warnings: 0
	module work.POSTICG_X6B_A12TR
		errors: 0, warnings: 0
	module work.POSTICG_X5B_A12TR
		errors: 0, warnings: 0
	module work.POSTICG_X4B_A12TR
		errors: 0, warnings: 0
	module work.POSTICG_X3P5B_A12TR
		errors: 0, warnings: 0
	module work.POSTICG_X3B_A12TR
		errors: 0, warnings: 0
	module work.POSTICG_X2P5B_A12TR
		errors: 0, warnings: 0
	module work.POSTICG_X2B_A12TR
		errors: 0, warnings: 0
	module work.POSTICG_X1P7B_A12TR
		errors: 0, warnings: 0
	module work.POSTICG_X1P4B_A12TR
		errors: 0, warnings: 0
	module work.POSTICG_X1P2B_A12TR
		errors: 0, warnings: 0
	module work.POSTICG_X1B_A12TR
		errors: 0, warnings: 0
	module work.POSTICG_X16B_A12TR
		errors: 0, warnings: 0
	module work.POSTICG_X13B_A12TR
		errors: 0, warnings: 0
	module work.POSTICG_X11B_A12TR
		errors: 0, warnings: 0
	module work.POSTICG_X0P8B_A12TR
		errors: 0, warnings: 0
	module work.POSTICG_X0P7B_A12TR
		errors: 0, warnings: 0
	module work.POSTICG_X0P6B_A12TR
		errors: 0, warnings: 0
	module work.POSTICG_X0P5B_A12TR
		errors: 0, warnings: 0
	module work.OR6_X6M_A12TR
		errors: 0, warnings: 0
	module work.OR6_X4M_A12TR
		errors: 0, warnings: 0
	module work.OR6_X3M_A12TR
		errors: 0, warnings: 0
	module work.OR6_X2M_A12TR
		errors: 0, warnings: 0
	module work.OR6_X1P4M_A12TR
		errors: 0, warnings: 0
	module work.OR6_X1M_A12TR
		errors: 0, warnings: 0
	module work.OR6_X0P7M_A12TR
		errors: 0, warnings: 0
	module work.OR6_X0P5M_A12TR
		errors: 0, warnings: 0
	module work.OR4_X8M_A12TR
		errors: 0, warnings: 0
	module work.OR4_X6M_A12TR
		errors: 0, warnings: 0
	module work.OR4_X4M_A12TR
		errors: 0, warnings: 0
	module work.OR4_X3M_A12TR
		errors: 0, warnings: 0
	module work.OR4_X2M_A12TR
		errors: 0, warnings: 0
	module work.OR4_X1P4M_A12TR
		errors: 0, warnings: 0
	module work.OR4_X1M_A12TR
		errors: 0, warnings: 0
	module work.OR4_X0P7M_A12TR
		errors: 0, warnings: 0
	module work.OR4_X0P5M_A12TR
		errors: 0, warnings: 0
	module work.OR3_X8M_A12TR
		errors: 0, warnings: 0
	module work.OR3_X6M_A12TR
		errors: 0, warnings: 0
	module work.OR3_X4M_A12TR
		errors: 0, warnings: 0
	module work.OR3_X3M_A12TR
		errors: 0, warnings: 0
	module work.OR3_X2M_A12TR
		errors: 0, warnings: 0
	module work.OR3_X1P4M_A12TR
		errors: 0, warnings: 0
	module work.OR3_X1M_A12TR
		errors: 0, warnings: 0
	module work.OR3_X0P7M_A12TR
		errors: 0, warnings: 0
	module work.OR3_X0P5M_A12TR
		errors: 0, warnings: 0
	module work.OR2_X8M_A12TR
		errors: 0, warnings: 0
	module work.OR2_X6M_A12TR
		errors: 0, warnings: 0
	module work.OR2_X4M_A12TR
		errors: 0, warnings: 0
	module work.OR2_X3M_A12TR
		errors: 0, warnings: 0
	module work.OR2_X2M_A12TR
		errors: 0, warnings: 0
	module work.OR2_X1P4M_A12TR
		errors: 0, warnings: 0
	module work.OR2_X1M_A12TR
		errors: 0, warnings: 0
	module work.OR2_X11M_A12TR
		errors: 0, warnings: 0
	module work.OR2_X0P7M_A12TR
		errors: 0, warnings: 0
	module work.OR2_X0P5M_A12TR
		errors: 0, warnings: 0
	module work.OAI2XB1_X8M_A12TR
		errors: 0, warnings: 0
	module work.OAI2XB1_X6M_A12TR
		errors: 0, warnings: 0
	module work.OAI2XB1_X4M_A12TR
		errors: 0, warnings: 0
	module work.OAI2XB1_X3M_A12TR
		errors: 0, warnings: 0
	module work.OAI2XB1_X2M_A12TR
		errors: 0, warnings: 0
	module work.OAI2XB1_X1P4M_A12TR
		errors: 0, warnings: 0
	module work.OAI2XB1_X1M_A12TR
		errors: 0, warnings: 0
	module work.OAI2XB1_X0P7M_A12TR
		errors: 0, warnings: 0
	module work.OAI2XB1_X0P5M_A12TR
		errors: 0, warnings: 0
	module work.OAI22_X8M_A12TR
		errors: 0, warnings: 0
	module work.OAI22_X6M_A12TR
		errors: 0, warnings: 0
	module work.OAI22_X4M_A12TR
		errors: 0, warnings: 0
	module work.OAI22_X3M_A12TR
		errors: 0, warnings: 0
	module work.OAI22_X2M_A12TR
		errors: 0, warnings: 0
	module work.OAI22_X1P4M_A12TR
		errors: 0, warnings: 0
	module work.OAI22_X1M_A12TR
		errors: 0, warnings: 0
	module work.OAI22_X0P7M_A12TR
		errors: 0, warnings: 0
	module work.OAI22_X0P5M_A12TR
		errors: 0, warnings: 0
	module work.OAI222_X4M_A12TR
		errors: 0, warnings: 0
	module work.OAI222_X3M_A12TR
		errors: 0, warnings: 0
	module work.OAI222_X2M_A12TR
		errors: 0, warnings: 0
	module work.OAI222_X1P4M_A12TR
		errors: 0, warnings: 0
	module work.OAI222_X1M_A12TR
		errors: 0, warnings: 0
	module work.OAI222_X0P7M_A12TR
		errors: 0, warnings: 0
	module work.OAI222_X0P5M_A12TR
		errors: 0, warnings: 0
	module work.OAI221_X4M_A12TR
		errors: 0, warnings: 0
	module work.OAI221_X3M_A12TR
		errors: 0, warnings: 0
	module work.OAI221_X2M_A12TR
		errors: 0, warnings: 0
	module work.OAI221_X1P4M_A12TR
		errors: 0, warnings: 0
	module work.OAI221_X1M_A12TR
		errors: 0, warnings: 0
	module work.OAI221_X0P7M_A12TR
		errors: 0, warnings: 0
	module work.OAI221_X0P5M_A12TR
		errors: 0, warnings: 0
	module work.OAI21B_X8M_A12TR
		errors: 0, warnings: 0
	module work.OAI21B_X6M_A12TR
		errors: 0, warnings: 0
	module work.OAI21B_X4M_A12TR
		errors: 0, warnings: 0
	module work.OAI21B_X3M_A12TR
		errors: 0, warnings: 0
	module work.OAI21B_X2M_A12TR
		errors: 0, warnings: 0
	module work.OAI21B_X1P4M_A12TR
		errors: 0, warnings: 0
	module work.OAI21B_X1M_A12TR
		errors: 0, warnings: 0
	module work.OAI21B_X0P7M_A12TR
		errors: 0, warnings: 0
	module work.OAI21B_X0P5M_A12TR
		errors: 0, warnings: 0
	module work.OAI21_X8M_A12TR
		errors: 0, warnings: 0
	module work.OAI21_X6M_A12TR
		errors: 0, warnings: 0
	module work.OAI21_X4M_A12TR
		errors: 0, warnings: 0
	module work.OAI21_X3M_A12TR
		errors: 0, warnings: 0
	module work.OAI21_X2M_A12TR
		errors: 0, warnings: 0
	module work.OAI21_X1P4M_A12TR
		errors: 0, warnings: 0
	module work.OAI21_X1M_A12TR
		errors: 0, warnings: 0
	module work.OAI21_X0P7M_A12TR
		errors: 0, warnings: 0
	module work.OAI21_X0P5M_A12TR
		errors: 0, warnings: 0
	module work.OAI211_X4M_A12TR
		errors: 0, warnings: 0
	module work.OAI211_X3M_A12TR
		errors: 0, warnings: 0
	module work.OAI211_X2M_A12TR
		errors: 0, warnings: 0
	module work.OAI211_X1P4M_A12TR
		errors: 0, warnings: 0
	module work.OAI211_X1M_A12TR
		errors: 0, warnings: 0
	module work.OAI211_X0P7M_A12TR
		errors: 0, warnings: 0
	module work.OAI211_X0P5M_A12TR
		errors: 0, warnings: 0
	module work.OA22_X8M_A12TR
		errors: 0, warnings: 0
	module work.OA22_X6M_A12TR
		errors: 0, warnings: 0
	module work.OA22_X4M_A12TR
		errors: 0, warnings: 0
	module work.OA22_X3M_A12TR
		errors: 0, warnings: 0
	module work.OA22_X2M_A12TR
		errors: 0, warnings: 0
	module work.OA22_X1P4M_A12TR
		errors: 0, warnings: 0
	module work.OA22_X1M_A12TR
		errors: 0, warnings: 0
	module work.OA22_X0P7M_A12TR
		errors: 0, warnings: 0
	module work.OA22_X0P5M_A12TR
		errors: 0, warnings: 0
	module work.OA21_X8M_A12TR
		errors: 0, warnings: 0
	module work.OA21_X6M_A12TR
		errors: 0, warnings: 0
	module work.OA21_X4M_A12TR
		errors: 0, warnings: 0
	module work.OA21_X3M_A12TR
		errors: 0, warnings: 0
	module work.OA21_X2M_A12TR
		errors: 0, warnings: 0
	module work.OA21_X1P4M_A12TR
		errors: 0, warnings: 0
	module work.OA21_X1M_A12TR
		errors: 0, warnings: 0
	module work.OA21_X0P7M_A12TR
		errors: 0, warnings: 0
	module work.OA21_X0P5M_A12TR
		errors: 0, warnings: 0
	module work.OA211_X6M_A12TR
		errors: 0, warnings: 0
	module work.OA211_X4M_A12TR
		errors: 0, warnings: 0
	module work.OA211_X3M_A12TR
		errors: 0, warnings: 0
	module work.OA211_X2M_A12TR
		errors: 0, warnings: 0
	module work.OA211_X1P4M_A12TR
		errors: 0, warnings: 0
	module work.OA211_X1M_A12TR
		errors: 0, warnings: 0
	module work.OA211_X0P7M_A12TR
		errors: 0, warnings: 0
	module work.OA211_X0P5M_A12TR
		errors: 0, warnings: 0
	module work.NOR3_X4M_A12TR
		errors: 0, warnings: 0
	module work.NOR3_X4A_A12TR
		errors: 0, warnings: 0
	module work.NOR3_X3M_A12TR
		errors: 0, warnings: 0
	module work.NOR3_X3A_A12TR
		errors: 0, warnings: 0
	module work.NOR3_X2M_A12TR
		errors: 0, warnings: 0
	module work.NOR3_X2A_A12TR
		errors: 0, warnings: 0
	module work.NOR3_X1P4M_A12TR
		errors: 0, warnings: 0
	module work.NOR3_X1P4A_A12TR
		errors: 0, warnings: 0
	module work.NOR3_X1M_A12TR
		errors: 0, warnings: 0
	module work.NOR3_X1A_A12TR
		errors: 0, warnings: 0
	module work.NOR3_X0P7M_A12TR
		errors: 0, warnings: 0
	module work.NOR3_X0P7A_A12TR
		errors: 0, warnings: 0
	module work.NOR3_X0P5M_A12TR
		errors: 0, warnings: 0
	module work.NOR3_X0P5A_A12TR
		errors: 0, warnings: 0
	module work.NOR2XB_X8M_A12TR
		errors: 0, warnings: 0
	module work.NOR2XB_X6M_A12TR
		errors: 0, warnings: 0
	module work.NOR2XB_X4M_A12TR
		errors: 0, warnings: 0
	module work.NOR2XB_X3M_A12TR
		errors: 0, warnings: 0
	module work.NOR2XB_X2M_A12TR
		errors: 0, warnings: 0
	module work.NOR2XB_X1P4M_A12TR
		errors: 0, warnings: 0
	module work.NOR2XB_X1M_A12TR
		errors: 0, warnings: 0
	module work.NOR2XB_X0P7M_A12TR
		errors: 0, warnings: 0
	module work.NOR2XB_X0P5M_A12TR
		errors: 0, warnings: 0
	module work.NOR2B_X8M_A12TR
		errors: 0, warnings: 0
	module work.NOR2B_X6M_A12TR
		errors: 0, warnings: 0
	module work.NOR2B_X4M_A12TR
		errors: 0, warnings: 0
	module work.NOR2B_X3M_A12TR
		errors: 0, warnings: 0
	module work.NOR2B_X2M_A12TR
		errors: 0, warnings: 0
	module work.NOR2B_X1P4M_A12TR
		errors: 0, warnings: 0
	module work.NOR2B_X1M_A12TR
		errors: 0, warnings: 0
	module work.NOR2B_X0P7M_A12TR
		errors: 0, warnings: 0
	module work.NOR2B_X0P5M_A12TR
		errors: 0, warnings: 0
	module work.NOR2_X8M_A12TR
		errors: 0, warnings: 0
	module work.NOR2_X8A_A12TR
		errors: 0, warnings: 0
	module work.NOR2_X6M_A12TR
		errors: 0, warnings: 0
	module work.NOR2_X6A_A12TR
		errors: 0, warnings: 0
	module work.NOR2_X4M_A12TR
		errors: 0, warnings: 0
	module work.NOR2_X4A_A12TR
		errors: 0, warnings: 0
	module work.NOR2_X3M_A12TR
		errors: 0, warnings: 0
	module work.NOR2_X3A_A12TR
		errors: 0, warnings: 0
	module work.NOR2_X2M_A12TR
		errors: 0, warnings: 0
	module work.NOR2_X2A_A12TR
		errors: 0, warnings: 0
	module work.NOR2_X1P4M_A12TR
		errors: 0, warnings: 0
	module work.NOR2_X1P4A_A12TR
		errors: 0, warnings: 0
	module work.NOR2_X1M_A12TR
		errors: 0, warnings: 0
	module work.NOR2_X1A_A12TR
		errors: 0, warnings: 0
	module work.NOR2_X0P7M_A12TR
		errors: 0, warnings: 0
	module work.NOR2_X0P7A_A12TR
		errors: 0, warnings: 0
	module work.NOR2_X0P5M_A12TR
		errors: 0, warnings: 0
	module work.NOR2_X0P5A_A12TR
		errors: 0, warnings: 0
	module work.NAND4XXXB_X4M_A12TR
		errors: 0, warnings: 0
	module work.NAND4XXXB_X3M_A12TR
		errors: 0, warnings: 0
	module work.NAND4XXXB_X2M_A12TR
		errors: 0, warnings: 0
	module work.NAND4XXXB_X1P4M_A12TR
		errors: 0, warnings: 0
	module work.NAND4XXXB_X1M_A12TR
		errors: 0, warnings: 0
	module work.NAND4XXXB_X0P7M_A12TR
		errors: 0, warnings: 0
	module work.NAND4XXXB_X0P5M_A12TR
		errors: 0, warnings: 0
	module work.NAND4B_X4M_A12TR
		errors: 0, warnings: 0
	module work.NAND4B_X3M_A12TR
		errors: 0, warnings: 0
	module work.NAND4B_X2M_A12TR
		errors: 0, warnings: 0
	module work.NAND4B_X1P4M_A12TR
		errors: 0, warnings: 0
	module work.NAND4B_X1M_A12TR
		errors: 0, warnings: 0
	module work.NAND4B_X0P7M_A12TR
		errors: 0, warnings: 0
	module work.NAND4B_X0P5M_A12TR
		errors: 0, warnings: 0
	module work.NAND4_X4M_A12TR
		errors: 0, warnings: 0
	module work.NAND4_X4A_A12TR
		errors: 0, warnings: 0
	module work.NAND4_X3M_A12TR
		errors: 0, warnings: 0
	module work.NAND4_X3A_A12TR
		errors: 0, warnings: 0
	module work.NAND4_X2M_A12TR
		errors: 0, warnings: 0
	module work.NAND4_X2A_A12TR
		errors: 0, warnings: 0
	module work.NAND4_X1P4M_A12TR
		errors: 0, warnings: 0
	module work.NAND4_X1P4A_A12TR
		errors: 0, warnings: 0
	module work.NAND4_X1M_A12TR
		errors: 0, warnings: 0
	module work.NAND4_X1A_A12TR
		errors: 0, warnings: 0
	module work.NAND4_X0P7M_A12TR
		errors: 0, warnings: 0
	module work.NAND4_X0P7A_A12TR
		errors: 0, warnings: 0
	module work.NAND4_X0P5M_A12TR
		errors: 0, warnings: 0
	module work.NAND4_X0P5A_A12TR
		errors: 0, warnings: 0
	module work.NAND3XXB_X6M_A12TR
		errors: 0, warnings: 0
	module work.NAND3XXB_X4M_A12TR
		errors: 0, warnings: 0
	module work.NAND3XXB_X3M_A12TR
		errors: 0, warnings: 0
	module work.NAND3XXB_X2M_A12TR
		errors: 0, warnings: 0
	module work.NAND3XXB_X1P4M_A12TR
		errors: 0, warnings: 0
	module work.NAND3XXB_X1M_A12TR
		errors: 0, warnings: 0
	module work.NAND3XXB_X0P7M_A12TR
		errors: 0, warnings: 0
	module work.NAND3XXB_X0P5M_A12TR
		errors: 0, warnings: 0
	module work.NAND3B_X6M_A12TR
		errors: 0, warnings: 0
	module work.NAND3B_X4M_A12TR
		errors: 0, warnings: 0
	module work.NAND3B_X3M_A12TR
		errors: 0, warnings: 0
	module work.NAND3B_X2M_A12TR
		errors: 0, warnings: 0
	module work.NAND3B_X1P4M_A12TR
		errors: 0, warnings: 0
	module work.NAND3B_X1M_A12TR
		errors: 0, warnings: 0
	module work.NAND3B_X0P7M_A12TR
		errors: 0, warnings: 0
	module work.NAND3B_X0P5M_A12TR
		errors: 0, warnings: 0
	module work.NAND3_X6M_A12TR
		errors: 0, warnings: 0
	module work.NAND3_X6A_A12TR
		errors: 0, warnings: 0
	module work.NAND3_X4M_A12TR
		errors: 0, warnings: 0
	module work.NAND3_X4A_A12TR
		errors: 0, warnings: 0
	module work.NAND3_X3M_A12TR
		errors: 0, warnings: 0
	module work.NAND3_X3A_A12TR
		errors: 0, warnings: 0
	module work.NAND3_X2M_A12TR
		errors: 0, warnings: 0
	module work.NAND3_X2A_A12TR
		errors: 0, warnings: 0
	module work.NAND3_X1P4M_A12TR
		errors: 0, warnings: 0
	module work.NAND3_X1P4A_A12TR
		errors: 0, warnings: 0
	module work.NAND3_X1M_A12TR
		errors: 0, warnings: 0
	module work.NAND3_X1A_A12TR
		errors: 0, warnings: 0
	module work.NAND3_X0P7M_A12TR
		errors: 0, warnings: 0
	module work.NAND3_X0P7A_A12TR
		errors: 0, warnings: 0
	module work.NAND3_X0P5M_A12TR
		errors: 0, warnings: 0
	module work.NAND3_X0P5A_A12TR
		errors: 0, warnings: 0
	module work.NAND2XB_X8M_A12TR
		errors: 0, warnings: 0
	module work.NAND2XB_X6M_A12TR
		errors: 0, warnings: 0
	module work.NAND2XB_X4M_A12TR
		errors: 0, warnings: 0
	module work.NAND2XB_X3M_A12TR
		errors: 0, warnings: 0
	module work.NAND2XB_X2M_A12TR
		errors: 0, warnings: 0
	module work.NAND2XB_X1P4M_A12TR
		errors: 0, warnings: 0
	module work.NAND2XB_X1M_A12TR
		errors: 0, warnings: 0
	module work.NAND2XB_X0P7M_A12TR
		errors: 0, warnings: 0
	module work.NAND2XB_X0P5M_A12TR
		errors: 0, warnings: 0
	module work.NAND2B_X8M_A12TR
		errors: 0, warnings: 0
	module work.NAND2B_X6M_A12TR
		errors: 0, warnings: 0
	module work.NAND2B_X4M_A12TR
		errors: 0, warnings: 0
	module work.NAND2B_X3M_A12TR
		errors: 0, warnings: 0
	module work.NAND2B_X2M_A12TR
		errors: 0, warnings: 0
	module work.NAND2B_X1P4M_A12TR
		errors: 0, warnings: 0
	module work.NAND2B_X1M_A12TR
		errors: 0, warnings: 0
	module work.NAND2B_X0P7M_A12TR
		errors: 0, warnings: 0
	module work.NAND2B_X0P5M_A12TR
		errors: 0, warnings: 0
	module work.NAND2_X8M_A12TR
		errors: 0, warnings: 0
	module work.NAND2_X8B_A12TR
		errors: 0, warnings: 0
	module work.NAND2_X8A_A12TR
		errors: 0, warnings: 0
	module work.NAND2_X6M_A12TR
		errors: 0, warnings: 0
	module work.NAND2_X6B_A12TR
		errors: 0, warnings: 0
	module work.NAND2_X6A_A12TR
		errors: 0, warnings: 0
	module work.NAND2_X4M_A12TR
		errors: 0, warnings: 0
	module work.NAND2_X4B_A12TR
		errors: 0, warnings: 0
	module work.NAND2_X4A_A12TR
		errors: 0, warnings: 0
	module work.NAND2_X3M_A12TR
		errors: 0, warnings: 0
	module work.NAND2_X3B_A12TR
		errors: 0, warnings: 0
	module work.NAND2_X3A_A12TR
		errors: 0, warnings: 0
	module work.NAND2_X2M_A12TR
		errors: 0, warnings: 0
	module work.NAND2_X2B_A12TR
		errors: 0, warnings: 0
	module work.NAND2_X2A_A12TR
		errors: 0, warnings: 0
	module work.NAND2_X1P4M_A12TR
		errors: 0, warnings: 0
	module work.NAND2_X1P4B_A12TR
		errors: 0, warnings: 0
	module work.NAND2_X1P4A_A12TR
		errors: 0, warnings: 0
	module work.NAND2_X1M_A12TR
		errors: 0, warnings: 0
	module work.NAND2_X1B_A12TR
		errors: 0, warnings: 0
	module work.NAND2_X1A_A12TR
		errors: 0, warnings: 0
	module work.NAND2_X0P7M_A12TR
		errors: 0, warnings: 0
	module work.NAND2_X0P7B_A12TR
		errors: 0, warnings: 0
	module work.NAND2_X0P7A_A12TR
		errors: 0, warnings: 0
	module work.NAND2_X0P5M_A12TR
		errors: 0, warnings: 0
	module work.NAND2_X0P5B_A12TR
		errors: 0, warnings: 0
	module work.NAND2_X0P5A_A12TR
		errors: 0, warnings: 0
	module work.MXT4_X3M_A12TR
		errors: 0, warnings: 0
	module work.MXT4_X2M_A12TR
		errors: 0, warnings: 0
	module work.MXT4_X1P4M_A12TR
		errors: 0, warnings: 0
	module work.MXT4_X1M_A12TR
		errors: 0, warnings: 0
	module work.MXT4_X0P7M_A12TR
		errors: 0, warnings: 0
	module work.MXT4_X0P5M_A12TR
		errors: 0, warnings: 0
	module work.MXT2_X6M_A12TR
		errors: 0, warnings: 0
	module work.MXT2_X4M_A12TR
		errors: 0, warnings: 0
	module work.MXT2_X3M_A12TR
		errors: 0, warnings: 0
	module work.MXT2_X2M_A12TR
		errors: 0, warnings: 0
	module work.MXT2_X1P4M_A12TR
		errors: 0, warnings: 0
	module work.MXT2_X1M_A12TR
		errors: 0, warnings: 0
	module work.MXT2_X0P7M_A12TR
		errors: 0, warnings: 0
	module work.MXT2_X0P5M_A12TR
		errors: 0, warnings: 0
	module work.MXIT4_X3M_A12TR
		errors: 0, warnings: 0
	module work.MXIT4_X2M_A12TR
		errors: 0, warnings: 0
	module work.MXIT4_X1P4M_A12TR
		errors: 0, warnings: 0
	module work.MXIT4_X1M_A12TR
		errors: 0, warnings: 0
	module work.MXIT4_X0P7M_A12TR
		errors: 0, warnings: 0
	module work.MXIT4_X0P5M_A12TR
		errors: 0, warnings: 0
	module work.MXIT2_X4M_A12TR
		errors: 0, warnings: 0
	module work.MXIT2_X3M_A12TR
		errors: 0, warnings: 0
	module work.MXIT2_X2M_A12TR
		errors: 0, warnings: 0
	module work.MXIT2_X1P4M_A12TR
		errors: 0, warnings: 0
	module work.MXIT2_X1M_A12TR
		errors: 0, warnings: 0
	module work.MXIT2_X0P7M_A12TR
		errors: 0, warnings: 0
	module work.MXIT2_X0P5M_A12TR
		errors: 0, warnings: 0
	module work.MX2_X8B_A12TR
		errors: 0, warnings: 0
	module work.MX2_X6M_A12TR
		errors: 0, warnings: 0
	module work.MX2_X6B_A12TR
		errors: 0, warnings: 0
	module work.MX2_X4M_A12TR
		errors: 0, warnings: 0
	module work.MX2_X4B_A12TR
		errors: 0, warnings: 0
	module work.MX2_X3M_A12TR
		errors: 0, warnings: 0
	module work.MX2_X3B_A12TR
		errors: 0, warnings: 0
	module work.MX2_X2M_A12TR
		errors: 0, warnings: 0
	module work.MX2_X2B_A12TR
		errors: 0, warnings: 0
	module work.MX2_X1P4M_A12TR
		errors: 0, warnings: 0
	module work.MX2_X1P4B_A12TR
		errors: 0, warnings: 0
	module work.MX2_X1M_A12TR
		errors: 0, warnings: 0
	module work.MX2_X1B_A12TR
		errors: 0, warnings: 0
	module work.MX2_X0P7M_A12TR
		errors: 0, warnings: 0
	module work.MX2_X0P7B_A12TR
		errors: 0, warnings: 0
	module work.MX2_X0P5M_A12TR
		errors: 0, warnings: 0
	module work.MX2_X0P5B_A12TR
		errors: 0, warnings: 0
	module work.M2SDFFQN_X3M_A12TR
		errors: 0, warnings: 0
	module work.M2SDFFQN_X2M_A12TR
		errors: 0, warnings: 0
	module work.M2SDFFQN_X1M_A12TR
		errors: 0, warnings: 0
	module work.M2SDFFQN_X0P5M_A12TR
		errors: 0, warnings: 0
	module work.M2SDFFQ_X4M_A12TR
		errors: 0, warnings: 0
	module work.M2SDFFQ_X3M_A12TR
		errors: 0, warnings: 0
	module work.M2SDFFQ_X2M_A12TR
		errors: 0, warnings: 0
	module work.M2SDFFQ_X1M_A12TR
		errors: 0, warnings: 0
	module work.M2SDFFQ_X0P5M_A12TR
		errors: 0, warnings: 0
	module work.M2DFFQN_X3M_A12TR
		errors: 0, warnings: 0
	module work.M2DFFQN_X2M_A12TR
		errors: 0, warnings: 0
	module work.M2DFFQN_X1M_A12TR
		errors: 0, warnings: 0
	module work.M2DFFQN_X0P5M_A12TR
		errors: 0, warnings: 0
	module work.M2DFFQ_X4M_A12TR
		errors: 0, warnings: 0
	module work.M2DFFQ_X3M_A12TR
		errors: 0, warnings: 0
	module work.M2DFFQ_X2M_A12TR
		errors: 0, warnings: 0
	module work.M2DFFQ_X1M_A12TR
		errors: 0, warnings: 0
	module work.M2DFFQ_X0P5M_A12TR
		errors: 0, warnings: 0
	module work.LATSQN_X4M_A12TR
		errors: 0, warnings: 0
	module work.LATSQN_X3M_A12TR
		errors: 0, warnings: 0
	module work.LATSQN_X2M_A12TR
		errors: 0, warnings: 0
	module work.LATSQN_X1M_A12TR
		errors: 0, warnings: 0
	module work.LATSQN_X0P5M_A12TR
		errors: 0, warnings: 0
	module work.LATSPQ_X3M_A12TR
		errors: 0, warnings: 0
	module work.LATSPQ_X2M_A12TR
		errors: 0, warnings: 0
	module work.LATSPQ_X1M_A12TR
		errors: 0, warnings: 0
	module work.LATSPQ_X0P5M_A12TR
		errors: 0, warnings: 0
	module work.LATRQ_X3M_A12TR
		errors: 0, warnings: 0
	module work.LATRQ_X2M_A12TR
		errors: 0, warnings: 0
	module work.LATRQ_X1M_A12TR
		errors: 0, warnings: 0
	module work.LATRQ_X0P5M_A12TR
		errors: 0, warnings: 0
	module work.LATRPQN_X4M_A12TR
		errors: 0, warnings: 0
	module work.LATRPQN_X3M_A12TR
		errors: 0, warnings: 0
	module work.LATRPQN_X2M_A12TR
		errors: 0, warnings: 0
	module work.LATRPQN_X1M_A12TR
		errors: 0, warnings: 0
	module work.LATRPQN_X0P5M_A12TR
		errors: 0, warnings: 0
	module work.LATQN_X4M_A12TR
		errors: 0, warnings: 0
	module work.LATQN_X3M_A12TR
		errors: 0, warnings: 0
	module work.LATQN_X2M_A12TR
		errors: 0, warnings: 0
	module work.LATQN_X1M_A12TR
		errors: 0, warnings: 0
	module work.LATQN_X0P5M_A12TR
		errors: 0, warnings: 0
	module work.LATQ_X3M_A12TR
		errors: 0, warnings: 0
	module work.LATQ_X2M_A12TR
		errors: 0, warnings: 0
	module work.LATQ_X1M_A12TR
		errors: 0, warnings: 0
	module work.LATQ_X0P5M_A12TR
		errors: 0, warnings: 0
	module work.LATNSQN_X4M_A12TR
		errors: 0, warnings: 0
	module work.LATNSQN_X3M_A12TR
		errors: 0, warnings: 0
	module work.LATNSQN_X2M_A12TR
		errors: 0, warnings: 0
	module work.LATNSQN_X1M_A12TR
		errors: 0, warnings: 0
	module work.LATNSQN_X0P5M_A12TR
		errors: 0, warnings: 0
	module work.LATNSPQ_X3M_A12TR
		errors: 0, warnings: 0
	module work.LATNSPQ_X2M_A12TR
		errors: 0, warnings: 0
	module work.LATNSPQ_X1M_A12TR
		errors: 0, warnings: 0
	module work.LATNSPQ_X0P5M_A12TR
		errors: 0, warnings: 0
	module work.LATNRQ_X3M_A12TR
		errors: 0, warnings: 0
	module work.LATNRQ_X2M_A12TR
		errors: 0, warnings: 0
	module work.LATNRQ_X1M_A12TR
		errors: 0, warnings: 0
	module work.LATNRQ_X0P5M_A12TR
		errors: 0, warnings: 0
	module work.LATNRPQN_X4M_A12TR
		errors: 0, warnings: 0
	module work.LATNRPQN_X3M_A12TR
		errors: 0, warnings: 0
	module work.LATNRPQN_X2M_A12TR
		errors: 0, warnings: 0
	module work.LATNRPQN_X1M_A12TR
		errors: 0, warnings: 0
	module work.LATNRPQN_X0P5M_A12TR
		errors: 0, warnings: 0
	module work.LATNQN_X4M_A12TR
		errors: 0, warnings: 0
	module work.LATNQN_X3M_A12TR
		errors: 0, warnings: 0
	module work.LATNQN_X2M_A12TR
		errors: 0, warnings: 0
	module work.LATNQN_X1M_A12TR
		errors: 0, warnings: 0
	module work.LATNQN_X0P5M_A12TR
		errors: 0, warnings: 0
	module work.LATNQ_X3M_A12TR
		errors: 0, warnings: 0
	module work.LATNQ_X2M_A12TR
		errors: 0, warnings: 0
	module work.LATNQ_X1M_A12TR
		errors: 0, warnings: 0
	module work.LATNQ_X0P5M_A12TR
		errors: 0, warnings: 0
	module work.INV_X9M_A12TR
		errors: 0, warnings: 0
	module work.INV_X9B_A12TR
		errors: 0, warnings: 0
	module work.INV_X7P5M_A12TR
		errors: 0, warnings: 0
	module work.INV_X7P5B_A12TR
		errors: 0, warnings: 0
	module work.INV_X6M_A12TR
		errors: 0, warnings: 0
	module work.INV_X6B_A12TR
		errors: 0, warnings: 0
	module work.INV_X5M_A12TR
		errors: 0, warnings: 0
	module work.INV_X5B_A12TR
		errors: 0, warnings: 0
	module work.INV_X4M_A12TR
		errors: 0, warnings: 0
	module work.INV_X4B_A12TR
		errors: 0, warnings: 0
	module work.INV_X3P5M_A12TR
		errors: 0, warnings: 0
	module work.INV_X3P5B_A12TR
		errors: 0, warnings: 0
	module work.INV_X3M_A12TR
		errors: 0, warnings: 0
	module work.INV_X3B_A12TR
		errors: 0, warnings: 0
	module work.INV_X2P5M_A12TR
		errors: 0, warnings: 0
	module work.INV_X2P5B_A12TR
		errors: 0, warnings: 0
	module work.INV_X2M_A12TR
		errors: 0, warnings: 0
	module work.INV_X2B_A12TR
		errors: 0, warnings: 0
	module work.INV_X1P7M_A12TR
		errors: 0, warnings: 0
	module work.INV_X1P7B_A12TR
		errors: 0, warnings: 0
	module work.INV_X1P4M_A12TR
		errors: 0, warnings: 0
	module work.INV_X1P4B_A12TR
		errors: 0, warnings: 0
	module work.INV_X1P2M_A12TR
		errors: 0, warnings: 0
	module work.INV_X1P2B_A12TR
		errors: 0, warnings: 0
	module work.INV_X1M_A12TR
		errors: 0, warnings: 0
	module work.INV_X1B_A12TR
		errors: 0, warnings: 0
	module work.INV_X16M_A12TR
		errors: 0, warnings: 0
	module work.INV_X16B_A12TR
		errors: 0, warnings: 0
	module work.INV_X13M_A12TR
		errors: 0, warnings: 0
	module work.INV_X13B_A12TR
		errors: 0, warnings: 0
	module work.INV_X11M_A12TR
		errors: 0, warnings: 0
	module work.INV_X11B_A12TR
		errors: 0, warnings: 0
	module work.INV_X0P8M_A12TR
		errors: 0, warnings: 0
	module work.INV_X0P8B_A12TR
		errors: 0, warnings: 0
	module work.INV_X0P7M_A12TR
		errors: 0, warnings: 0
	module work.INV_X0P7B_A12TR
		errors: 0, warnings: 0
	module work.INV_X0P6M_A12TR
		errors: 0, warnings: 0
	module work.INV_X0P6B_A12TR
		errors: 0, warnings: 0
	module work.INV_X0P5M_A12TR
		errors: 0, warnings: 0
	module work.INV_X0P5B_A12TR
		errors: 0, warnings: 0
	module work.FRICG_X9B_A12TR
		errors: 0, warnings: 0
	module work.FRICG_X7P5B_A12TR
		errors: 0, warnings: 0
	module work.FRICG_X6B_A12TR
		errors: 0, warnings: 0
	module work.FRICG_X5B_A12TR
		errors: 0, warnings: 0
	module work.FRICG_X4B_A12TR
		errors: 0, warnings: 0
	module work.FRICG_X3P5B_A12TR
		errors: 0, warnings: 0
	module work.FRICG_X3B_A12TR
		errors: 0, warnings: 0
	module work.FRICG_X2P5B_A12TR
		errors: 0, warnings: 0
	module work.FRICG_X2B_A12TR
		errors: 0, warnings: 0
	module work.FRICG_X1P7B_A12TR
		errors: 0, warnings: 0
	module work.FRICG_X1P4B_A12TR
		errors: 0, warnings: 0
	module work.FRICG_X1P2B_A12TR
		errors: 0, warnings: 0
	module work.FRICG_X1B_A12TR
		errors: 0, warnings: 0
	module work.FRICG_X16B_A12TR
		errors: 0, warnings: 0
	module work.FRICG_X13B_A12TR
		errors: 0, warnings: 0
	module work.FRICG_X11B_A12TR
		errors: 0, warnings: 0
	module work.FRICG_X0P8B_A12TR
		errors: 0, warnings: 0
	module work.FRICG_X0P7B_A12TR
		errors: 0, warnings: 0
	module work.FRICG_X0P6B_A12TR
		errors: 0, warnings: 0
	module work.FRICG_X0P5B_A12TR
		errors: 0, warnings: 0
	module work.ESDFFQN_X3M_A12TR
		errors: 0, warnings: 0
	module work.ESDFFQN_X2M_A12TR
		errors: 0, warnings: 0
	module work.ESDFFQN_X1M_A12TR
		errors: 0, warnings: 0
	module work.ESDFFQN_X0P5M_A12TR
		errors: 0, warnings: 0
	module work.ESDFFQ_X3M_A12TR
		errors: 0, warnings: 0
	module work.ESDFFQ_X2M_A12TR
		errors: 0, warnings: 0
	module work.ESDFFQ_X1M_A12TR
		errors: 0, warnings: 0
	module work.ESDFFQ_X0P5M_A12TR
		errors: 0, warnings: 0
	module work.EDFFQN_X3M_A12TR
		errors: 0, warnings: 0
	module work.EDFFQN_X2M_A12TR
		errors: 0, warnings: 0
	module work.EDFFQN_X1M_A12TR
		errors: 0, warnings: 0
	module work.EDFFQN_X0P5M_A12TR
		errors: 0, warnings: 0
	module work.EDFFQ_X3M_A12TR
		errors: 0, warnings: 0
	module work.EDFFQ_X2M_A12TR
		errors: 0, warnings: 0
	module work.EDFFQ_X1M_A12TR
		errors: 0, warnings: 0
	module work.EDFFQ_X0P5M_A12TR
		errors: 0, warnings: 0
	module work.DLY4_X0P5M_A12TR
		errors: 0, warnings: 0
	module work.DLY2_X0P5M_A12TR
		errors: 0, warnings: 0
	module work.DFFYQ_X4M_A12TR
		errors: 0, warnings: 0
	module work.DFFYQ_X3M_A12TR
		errors: 0, warnings: 0
	module work.DFFYQ_X2M_A12TR
		errors: 0, warnings: 0
	module work.DFFYQ_X1M_A12TR
		errors: 0, warnings: 0
	module work.DFFSRPQ_X4M_A12TR
		errors: 0, warnings: 0
	module work.DFFSRPQ_X3M_A12TR
		errors: 0, warnings: 0
	module work.DFFSRPQ_X2M_A12TR
		errors: 0, warnings: 0
	module work.DFFSRPQ_X1M_A12TR
		errors: 0, warnings: 0
	module work.DFFSRPQ_X0P5M_A12TR
		errors: 0, warnings: 0
	module work.DFFSQN_X3M_A12TR
		errors: 0, warnings: 0
	module work.DFFSQN_X2M_A12TR
		errors: 0, warnings: 0
	module work.DFFSQN_X1M_A12TR
		errors: 0, warnings: 0
	module work.DFFSQN_X0P5M_A12TR
		errors: 0, warnings: 0
	module work.DFFSQ_X4M_A12TR
		errors: 0, warnings: 0
	module work.DFFSQ_X3M_A12TR
		errors: 0, warnings: 0
	module work.DFFSQ_X2M_A12TR
		errors: 0, warnings: 0
	module work.DFFSQ_X1M_A12TR
		errors: 0, warnings: 0
	module work.DFFSQ_X0P5M_A12TR
		errors: 0, warnings: 0
	module work.DFFRPQN_X3M_A12TR
		errors: 0, warnings: 0
	module work.DFFRPQN_X2M_A12TR
		errors: 0, warnings: 0
	module work.DFFRPQN_X1M_A12TR
		errors: 0, warnings: 0
	module work.DFFRPQN_X0P5M_A12TR
		errors: 0, warnings: 0
	module work.DFFRPQ_X4M_A12TR
		errors: 0, warnings: 0
	module work.DFFRPQ_X3M_A12TR
		errors: 0, warnings: 0
	module work.DFFRPQ_X2M_A12TR
		errors: 0, warnings: 0
	module work.DFFRPQ_X1M_A12TR
		errors: 0, warnings: 0
	module work.DFFRPQ_X0P5M_A12TR
		errors: 0, warnings: 0
	module work.DFFQN_X3M_A12TR
		errors: 0, warnings: 0
	module work.DFFQN_X2M_A12TR
		errors: 0, warnings: 0
	module work.DFFQN_X1M_A12TR
		errors: 0, warnings: 0
	module work.DFFQN_X0P5M_A12TR
		errors: 0, warnings: 0
	module work.DFFQ_X4M_A12TR
		errors: 0, warnings: 0
	module work.DFFQ_X3M_A12TR
		errors: 0, warnings: 0
	module work.DFFQ_X2M_A12TR
		errors: 0, warnings: 0
	module work.DFFQ_X1M_A12TR
		errors: 0, warnings: 0
	module work.DFFQ_X0P5M_A12TR
		errors: 0, warnings: 0
	module work.DFFNSRPQ_X3M_A12TR
		errors: 0, warnings: 0
	module work.DFFNSRPQ_X2M_A12TR
		errors: 0, warnings: 0
	module work.DFFNSRPQ_X1M_A12TR
		errors: 0, warnings: 0
	module work.DFFNSQ_X3M_A12TR
		errors: 0, warnings: 0
	module work.DFFNSQ_X2M_A12TR
		errors: 0, warnings: 0
	module work.DFFNSQ_X1M_A12TR
		errors: 0, warnings: 0
	module work.DFFNRPQ_X3M_A12TR
		errors: 0, warnings: 0
	module work.DFFNRPQ_X2M_A12TR
		errors: 0, warnings: 0
	module work.DFFNRPQ_X1M_A12TR
		errors: 0, warnings: 0
	module work.DFFNQ_X3M_A12TR
		errors: 0, warnings: 0
	module work.DFFNQ_X2M_A12TR
		errors: 0, warnings: 0
	module work.DFFNQ_X1M_A12TR
		errors: 0, warnings: 0
	module work.BUFZ_X8M_A12TR
		errors: 0, warnings: 0
	module work.BUFZ_X6M_A12TR
		errors: 0, warnings: 0
	module work.BUFZ_X4M_A12TR
		errors: 0, warnings: 0
	module work.BUFZ_X3M_A12TR
		errors: 0, warnings: 0
	module work.BUFZ_X2M_A12TR
		errors: 0, warnings: 0
	module work.BUFZ_X1P4M_A12TR
		errors: 0, warnings: 0
	module work.BUFZ_X1M_A12TR
		errors: 0, warnings: 0
	module work.BUFZ_X16M_A12TR
		errors: 0, warnings: 0
	module work.BUFZ_X11M_A12TR
		errors: 0, warnings: 0
	module work.BUFH_X9M_A12TR
		errors: 0, warnings: 0
	module work.BUFH_X7P5M_A12TR
		errors: 0, warnings: 0
	module work.BUFH_X6M_A12TR
		errors: 0, warnings: 0
	module work.BUFH_X5M_A12TR
		errors: 0, warnings: 0
	module work.BUFH_X4M_A12TR
		errors: 0, warnings: 0
	module work.BUFH_X3P5M_A12TR
		errors: 0, warnings: 0
	module work.BUFH_X3M_A12TR
		errors: 0, warnings: 0
	module work.BUFH_X2P5M_A12TR
		errors: 0, warnings: 0
	module work.BUFH_X2M_A12TR
		errors: 0, warnings: 0
	module work.BUFH_X1P7M_A12TR
		errors: 0, warnings: 0
	module work.BUFH_X1P4M_A12TR
		errors: 0, warnings: 0
	module work.BUFH_X1P2M_A12TR
		errors: 0, warnings: 0
	module work.BUFH_X1M_A12TR
		errors: 0, warnings: 0
	module work.BUFH_X16M_A12TR
		errors: 0, warnings: 0
	module work.BUFH_X13M_A12TR
		errors: 0, warnings: 0
	module work.BUFH_X11M_A12TR
		errors: 0, warnings: 0
	module work.BUFH_X0P8M_A12TR
		errors: 0, warnings: 0
	module work.BUFH_X0P7M_A12TR
		errors: 0, warnings: 0
	module work.BUF_X9M_A12TR
		errors: 0, warnings: 0
	module work.BUF_X9B_A12TR
		errors: 0, warnings: 0
	module work.BUF_X7P5M_A12TR
		errors: 0, warnings: 0
	module work.BUF_X7P5B_A12TR
		errors: 0, warnings: 0
	module work.BUF_X6M_A12TR
		errors: 0, warnings: 0
	module work.BUF_X6B_A12TR
		errors: 0, warnings: 0
	module work.BUF_X5M_A12TR
		errors: 0, warnings: 0
	module work.BUF_X5B_A12TR
		errors: 0, warnings: 0
	module work.BUF_X4M_A12TR
		errors: 0, warnings: 0
	module work.BUF_X4B_A12TR
		errors: 0, warnings: 0
	module work.BUF_X3P5M_A12TR
		errors: 0, warnings: 0
	module work.BUF_X3P5B_A12TR
		errors: 0, warnings: 0
	module work.BUF_X3M_A12TR
		errors: 0, warnings: 0
	module work.BUF_X3B_A12TR
		errors: 0, warnings: 0
	module work.BUF_X2P5M_A12TR
		errors: 0, warnings: 0
	module work.BUF_X2P5B_A12TR
		errors: 0, warnings: 0
	module work.BUF_X2M_A12TR
		errors: 0, warnings: 0
	module work.BUF_X2B_A12TR
		errors: 0, warnings: 0
	module work.BUF_X1P7M_A12TR
		errors: 0, warnings: 0
	module work.BUF_X1P7B_A12TR
		errors: 0, warnings: 0
	module work.BUF_X1P4M_A12TR
		errors: 0, warnings: 0
	module work.BUF_X1P4B_A12TR
		errors: 0, warnings: 0
	module work.BUF_X1P2M_A12TR
		errors: 0, warnings: 0
	module work.BUF_X1P2B_A12TR
		errors: 0, warnings: 0
	module work.BUF_X1M_A12TR
		errors: 0, warnings: 0
	module work.BUF_X1B_A12TR
		errors: 0, warnings: 0
	module work.BUF_X16M_A12TR
		errors: 0, warnings: 0
	module work.BUF_X16B_A12TR
		errors: 0, warnings: 0
	module work.BUF_X13M_A12TR
		errors: 0, warnings: 0
	module work.BUF_X13B_A12TR
		errors: 0, warnings: 0
	module work.BUF_X11M_A12TR
		errors: 0, warnings: 0
	module work.BUF_X11B_A12TR
		errors: 0, warnings: 0
	module work.BUF_X0P8M_A12TR
		errors: 0, warnings: 0
	module work.BUF_X0P8B_A12TR
		errors: 0, warnings: 0
	module work.BUF_X0P7M_A12TR
		errors: 0, warnings: 0
	module work.BUF_X0P7B_A12TR
		errors: 0, warnings: 0
	module work.AOI32_X6M_A12TR
		errors: 0, warnings: 0
	module work.AOI32_X4M_A12TR
		errors: 0, warnings: 0
	module work.AOI32_X3M_A12TR
		errors: 0, warnings: 0
	module work.AOI32_X2M_A12TR
		errors: 0, warnings: 0
	module work.AOI32_X1P4M_A12TR
		errors: 0, warnings: 0
	module work.AOI32_X1M_A12TR
		errors: 0, warnings: 0
	module work.AOI32_X0P7M_A12TR
		errors: 0, warnings: 0
	module work.AOI32_X0P5M_A12TR
		errors: 0, warnings: 0
	module work.AOI31_X6M_A12TR
		errors: 0, warnings: 0
	module work.AOI31_X4M_A12TR
		errors: 0, warnings: 0
	module work.AOI31_X3M_A12TR
		errors: 0, warnings: 0
	module work.AOI31_X2M_A12TR
		errors: 0, warnings: 0
	module work.AOI31_X1P4M_A12TR
		errors: 0, warnings: 0
	module work.AOI31_X1M_A12TR
		errors: 0, warnings: 0
	module work.AOI31_X0P7M_A12TR
		errors: 0, warnings: 0
	module work.AOI31_X0P5M_A12TR
		errors: 0, warnings: 0
	module work.AOI2XB1_X8M_A12TR
		errors: 0, warnings: 0
	module work.AOI2XB1_X6M_A12TR
		errors: 0, warnings: 0
	module work.AOI2XB1_X4M_A12TR
		errors: 0, warnings: 0
	module work.AOI2XB1_X3M_A12TR
		errors: 0, warnings: 0
	module work.AOI2XB1_X2M_A12TR
		errors: 0, warnings: 0
	module work.AOI2XB1_X1P4M_A12TR
		errors: 0, warnings: 0
	module work.AOI2XB1_X1M_A12TR
		errors: 0, warnings: 0
	module work.AOI2XB1_X0P7M_A12TR
		errors: 0, warnings: 0
	module work.AOI2XB1_X0P5M_A12TR
		errors: 0, warnings: 0
	module work.AOI22_X8M_A12TR
		errors: 0, warnings: 0
	module work.AOI22_X6M_A12TR
		errors: 0, warnings: 0
	module work.AOI22_X4M_A12TR
		errors: 0, warnings: 0
	module work.AOI22_X3M_A12TR
		errors: 0, warnings: 0
	module work.AOI22_X2M_A12TR
		errors: 0, warnings: 0
	module work.AOI22_X1P4M_A12TR
		errors: 0, warnings: 0
	module work.AOI22_X1M_A12TR
		errors: 0, warnings: 0
	module work.AOI22_X0P7M_A12TR
		errors: 0, warnings: 0
	module work.AOI22_X0P5M_A12TR
		errors: 0, warnings: 0
	module work.AOI222_X4M_A12TR
		errors: 0, warnings: 0
	module work.AOI222_X3M_A12TR
		errors: 0, warnings: 0
	module work.AOI222_X2M_A12TR
		errors: 0, warnings: 0
	module work.AOI222_X1P4M_A12TR
		errors: 0, warnings: 0
	module work.AOI222_X1M_A12TR
		errors: 0, warnings: 0
	module work.AOI222_X0P7M_A12TR
		errors: 0, warnings: 0
	module work.AOI222_X0P5M_A12TR
		errors: 0, warnings: 0
	module work.AOI221_X4M_A12TR
		errors: 0, warnings: 0
	module work.AOI221_X3M_A12TR
		errors: 0, warnings: 0
	module work.AOI221_X2M_A12TR
		errors: 0, warnings: 0
	module work.AOI221_X1P4M_A12TR
		errors: 0, warnings: 0
	module work.AOI221_X1M_A12TR
		errors: 0, warnings: 0
	module work.AOI221_X0P7M_A12TR
		errors: 0, warnings: 0
	module work.AOI221_X0P5M_A12TR
		errors: 0, warnings: 0
	module work.AOI21B_X8M_A12TR
		errors: 0, warnings: 0
	module work.AOI21B_X6M_A12TR
		errors: 0, warnings: 0
	module work.AOI21B_X4M_A12TR
		errors: 0, warnings: 0
	module work.AOI21B_X3M_A12TR
		errors: 0, warnings: 0
	module work.AOI21B_X2M_A12TR
		errors: 0, warnings: 0
	module work.AOI21B_X1P4M_A12TR
		errors: 0, warnings: 0
	module work.AOI21B_X1M_A12TR
		errors: 0, warnings: 0
	module work.AOI21B_X0P7M_A12TR
		errors: 0, warnings: 0
	module work.AOI21B_X0P5M_A12TR
		errors: 0, warnings: 0
	module work.AOI21_X8M_A12TR
		errors: 0, warnings: 0
	module work.AOI21_X6M_A12TR
		errors: 0, warnings: 0
	module work.AOI21_X4M_A12TR
		errors: 0, warnings: 0
	module work.AOI21_X3M_A12TR
		errors: 0, warnings: 0
	module work.AOI21_X2M_A12TR
		errors: 0, warnings: 0
	module work.AOI21_X1P4M_A12TR
		errors: 0, warnings: 0
	module work.AOI21_X1M_A12TR
		errors: 0, warnings: 0
	module work.AOI21_X0P7M_A12TR
		errors: 0, warnings: 0
	module work.AOI21_X0P5M_A12TR
		errors: 0, warnings: 0
	module work.AOI211_X4M_A12TR
		errors: 0, warnings: 0
	module work.AOI211_X3M_A12TR
		errors: 0, warnings: 0
	module work.AOI211_X2M_A12TR
		errors: 0, warnings: 0
	module work.AOI211_X1P4M_A12TR
		errors: 0, warnings: 0
	module work.AOI211_X1M_A12TR
		errors: 0, warnings: 0
	module work.AOI211_X0P7M_A12TR
		errors: 0, warnings: 0
	module work.AOI211_X0P5M_A12TR
		errors: 0, warnings: 0
	module work.AO22_X6M_A12TR
		errors: 0, warnings: 0
	module work.AO22_X4M_A12TR
		errors: 0, warnings: 0
	module work.AO22_X3M_A12TR
		errors: 0, warnings: 0
	module work.AO22_X2M_A12TR
		errors: 0, warnings: 0
	module work.AO22_X1P4M_A12TR
		errors: 0, warnings: 0
	module work.AO22_X1M_A12TR
		errors: 0, warnings: 0
	module work.AO22_X0P7M_A12TR
		errors: 0, warnings: 0
	module work.AO22_X0P5M_A12TR
		errors: 0, warnings: 0
	module work.AO21B_X6M_A12TR
		errors: 0, warnings: 0
	module work.AO21B_X4M_A12TR
		errors: 0, warnings: 0
	module work.AO21B_X3M_A12TR
		errors: 0, warnings: 0
	module work.AO21B_X2M_A12TR
		errors: 0, warnings: 0
	module work.AO21B_X1P4M_A12TR
		errors: 0, warnings: 0
	module work.AO21B_X1M_A12TR
		errors: 0, warnings: 0
	module work.AO21B_X0P7M_A12TR
		errors: 0, warnings: 0
	module work.AO21B_X0P5M_A12TR
		errors: 0, warnings: 0
	module work.AO21_X6M_A12TR
		errors: 0, warnings: 0
	module work.AO21_X4M_A12TR
		errors: 0, warnings: 0
	module work.AO21_X3M_A12TR
		errors: 0, warnings: 0
	module work.AO21_X2M_A12TR
		errors: 0, warnings: 0
	module work.AO21_X1P4M_A12TR
		errors: 0, warnings: 0
	module work.AO21_X1M_A12TR
		errors: 0, warnings: 0
	module work.AO21_X0P7M_A12TR
		errors: 0, warnings: 0
	module work.AO21_X0P5M_A12TR
		errors: 0, warnings: 0
	module work.AO1B2_X6M_A12TR
		errors: 0, warnings: 0
	module work.AO1B2_X4M_A12TR
		errors: 0, warnings: 0
	module work.AO1B2_X3M_A12TR
		errors: 0, warnings: 0
	module work.AO1B2_X2M_A12TR
		errors: 0, warnings: 0
	module work.AO1B2_X1P4M_A12TR
		errors: 0, warnings: 0
	module work.AO1B2_X1M_A12TR
		errors: 0, warnings: 0
	module work.AO1B2_X0P7M_A12TR
		errors: 0, warnings: 0
	module work.AO1B2_X0P5M_A12TR
		errors: 0, warnings: 0
	module work.AND4_X8M_A12TR
		errors: 0, warnings: 0
	module work.AND4_X6M_A12TR
		errors: 0, warnings: 0
	module work.AND4_X4M_A12TR
		errors: 0, warnings: 0
	module work.AND4_X3M_A12TR
		errors: 0, warnings: 0
	module work.AND4_X2M_A12TR
		errors: 0, warnings: 0
	module work.AND4_X1P4M_A12TR
		errors: 0, warnings: 0
	module work.AND4_X1M_A12TR
		errors: 0, warnings: 0
	module work.AND4_X0P7M_A12TR
		errors: 0, warnings: 0
	module work.AND4_X0P5M_A12TR
		errors: 0, warnings: 0
	module work.AND3_X8M_A12TR
		errors: 0, warnings: 0
	module work.AND3_X6M_A12TR
		errors: 0, warnings: 0
	module work.AND3_X4M_A12TR
		errors: 0, warnings: 0
	module work.AND3_X3M_A12TR
		errors: 0, warnings: 0
	module work.AND3_X2M_A12TR
		errors: 0, warnings: 0
	module work.AND3_X1P4M_A12TR
		errors: 0, warnings: 0
	module work.AND3_X1M_A12TR
		errors: 0, warnings: 0
	module work.AND3_X11M_A12TR
		errors: 0, warnings: 0
	module work.AND3_X0P7M_A12TR
		errors: 0, warnings: 0
	module work.AND3_X0P5M_A12TR
		errors: 0, warnings: 0
	module work.AND2_X8M_A12TR
		errors: 0, warnings: 0
	module work.AND2_X6M_A12TR
		errors: 0, warnings: 0
	module work.AND2_X4M_A12TR
		errors: 0, warnings: 0
	module work.AND2_X3M_A12TR
		errors: 0, warnings: 0
	module work.AND2_X2M_A12TR
		errors: 0, warnings: 0
	module work.AND2_X1P4M_A12TR
		errors: 0, warnings: 0
	module work.AND2_X1M_A12TR
		errors: 0, warnings: 0
	module work.AND2_X11M_A12TR
		errors: 0, warnings: 0
	module work.AND2_X0P7M_A12TR
		errors: 0, warnings: 0
	module work.AND2_X0P5M_A12TR
		errors: 0, warnings: 0
	module work.ADDH_X2M_A12TR
		errors: 0, warnings: 0
	module work.ADDH_X1P4M_A12TR
		errors: 0, warnings: 0
	module work.ADDH_X1M_A12TR
		errors: 0, warnings: 0
	module work.ADDF_X2M_A12TR
		errors: 0, warnings: 0
	module work.ADDF_X1P4M_A12TR
		errors: 0, warnings: 0
	module work.ADDF_X1M_A12TR
		errors: 0, warnings: 0
	module work.A2SDFFQN_X3M_A12TR
		errors: 0, warnings: 0
	module work.A2SDFFQN_X2M_A12TR
		errors: 0, warnings: 0
	module work.A2SDFFQN_X1M_A12TR
		errors: 0, warnings: 0
	module work.A2SDFFQN_X0P5M_A12TR
		errors: 0, warnings: 0
	module work.A2SDFFQ_X4M_A12TR
		errors: 0, warnings: 0
	module work.A2SDFFQ_X3M_A12TR
		errors: 0, warnings: 0
	module work.A2SDFFQ_X2M_A12TR
		errors: 0, warnings: 0
	module work.A2SDFFQ_X1M_A12TR
		errors: 0, warnings: 0
	module work.A2SDFFQ_X0P5M_A12TR
		errors: 0, warnings: 0
	module work.A2DFFQN_X3M_A12TR
		errors: 0, warnings: 0
	module work.A2DFFQN_X2M_A12TR
		errors: 0, warnings: 0
	module work.A2DFFQN_X1M_A12TR
		errors: 0, warnings: 0
	module work.A2DFFQN_X0P5M_A12TR
		errors: 0, warnings: 0
	module work.A2DFFQ_X4M_A12TR
		errors: 0, warnings: 0
	module work.A2DFFQ_X3M_A12TR
		errors: 0, warnings: 0
	module work.A2DFFQ_X2M_A12TR
		errors: 0, warnings: 0
	module work.A2DFFQ_X1M_A12TR
		errors: 0, warnings: 0
	module work.A2DFFQ_X0P5M_A12TR
		errors: 0, warnings: 0
	primitive work.udp_edff
		errors: 0, warnings: 0
	primitive work.udp_mux2
		errors: 0, warnings: 0
	primitive work.udp_mux
		errors: 0, warnings: 0
	primitive work.udp_tlatrf
		errors: 0, warnings: 0
	primitive work.udp_plat
		errors: 0, warnings: 0
	primitive work.udp_dff
		errors: 0, warnings: 0
	primitive work.udp_tlatrf2
		errors: 0, warnings: 0
	primitive work.udp_sedff
		errors: 0, warnings: 0
	primitive work.udp_mux4
		errors: 0, warnings: 0
	primitive work.udp_outrf
		errors: 0, warnings: 0
	primitive work.udp_tlat
		errors: 0, warnings: 0
TOOL:	xmvlog(64)	20.09-s010: Exiting on Jul 04, 2022 at 19:54:10 PKT  (total: 00:00:01)
